e:\program\incollege\mouse in maze\mim\mim\debug\mim.pch
e:\program\incollege\mouse in maze\mim\mim\debug\vc141.pdb
e:\program\incollege\mouse in maze\mim\mim\debug\vc141.idb
e:\program\incollege\mouse in maze\mim\mim\debug\pch.obj
e:\program\incollege\mouse in maze\mim\mim\debug\route.obj
e:\program\incollege\mouse in maze\mim\mim\debug\maze.obj
e:\program\incollege\mouse in maze\mim\mim\debug\mim.obj
e:\program\incollege\mouse in maze\mim\mim\debug\mazefree.obj
e:\program\incollege\mouse in maze\mim\mim\debug\randommazegenerate.obj
e:\program\incollege\mouse in maze\mim\debug\mim.exe
e:\program\incollege\mouse in maze\mim\debug\mim.ilk
e:\program\incollege\mouse in maze\mim\debug\mim.pdb
e:\program\incollege\mouse in maze\mim\mim\debug\maze.obj.enc
e:\program\incollege\mouse in maze\mim\mim\debug\mim.tlog\cl.command.1.tlog
e:\program\incollege\mouse in maze\mim\mim\debug\mim.tlog\cl.read.1.tlog
e:\program\incollege\mouse in maze\mim\mim\debug\mim.tlog\cl.write.1.tlog
e:\program\incollege\mouse in maze\mim\mim\debug\mim.tlog\link.18324-cvtres.read.1.tlog
e:\program\incollege\mouse in maze\mim\mim\debug\mim.tlog\link.18324-cvtres.write.1.tlog
e:\program\incollege\mouse in maze\mim\mim\debug\mim.tlog\link.18324-rc.read.1.tlog
e:\program\incollege\mouse in maze\mim\mim\debug\mim.tlog\link.18324-rc.write.1.tlog
e:\program\incollege\mouse in maze\mim\mim\debug\mim.tlog\link.18324.read.1.tlog
e:\program\incollege\mouse in maze\mim\mim\debug\mim.tlog\link.18324.write.1.tlog
e:\program\incollege\mouse in maze\mim\mim\debug\mim.tlog\link.command.1.tlog
e:\program\incollege\mouse in maze\mim\mim\debug\mim.tlog\link.read.1.tlog
e:\program\incollege\mouse in maze\mim\mim\debug\mim.tlog\link.write.1.tlog
